11:06:44.063 INFO [GridLauncherV3.parse] - Selenium server version: 3.141.59, revision: e82be7d358
11:06:44.162 INFO [GridLauncherV3.lambda$buildLaunchers$3] - Launching a standalone Selenium Server on port 4445
2019-03-22 11:06:44.246:INFO::main: Logging initialized @544ms to org.seleniumhq.jetty9.util.log.StdErrLog
11:06:44.605 INFO [WebDriverServlet.<init>] - Initialising WebDriverServlet
11:06:44.898 INFO [SeleniumServer.boot] - Selenium Server is up and running on port 4445
11:06:45.244 INFO [ActiveSessionFactory.apply] - Capabilities are: {
  "acceptSslCerts": true,
  "browserName": "chrome",
  "javascriptEnabled": true,
  "name": "Tests"
}
11:06:45.247 INFO [ActiveSessionFactory.lambda$apply$11] - Matched factory org.openqa.selenium.grid.session.remote.ServicedSession$Factory (provider: org.openqa.selenium.chrome.ChromeDriverService)
Starting ChromeDriver 2.44.609538 (b655c5a60b0b544917107a59d4153d4bf78e1b90) on port 19495
Only local connections are allowed.
11:06:47.960 INFO [ProtocolHandshake.createSession] - Detected dialect: OSS
11:06:48.476 INFO [RemoteSession$Factory.lambda$performHandshake$0] - Started new session 4f35d71ee33494edfb35eccf82452115 (org.openqa.selenium.chrome.ChromeDriverService)
11:07:41.741 INFO [ActiveSessions$1.onStop] - Removing session 4f35d71ee33494edfb35eccf82452115 (org.openqa.selenium.chrome.ChromeDriverService)
11:07:41.779 INFO [ActiveSessionFactory.apply] - Capabilities are: {
  "acceptSslCerts": true,
  "browserName": "chrome",
  "javascriptEnabled": true,
  "name": "Tests"
}
11:07:41.779 INFO [ActiveSessionFactory.lambda$apply$11] - Matched factory org.openqa.selenium.grid.session.remote.ServicedSession$Factory (provider: org.openqa.selenium.chrome.ChromeDriverService)
Starting ChromeDriver 2.44.609538 (b655c5a60b0b544917107a59d4153d4bf78e1b90) on port 21640
Only local connections are allowed.
11:07:44.076 INFO [ProtocolHandshake.createSession] - Detected dialect: OSS
11:07:44.124 INFO [RemoteSession$Factory.lambda$performHandshake$0] - Started new session 02d9b1397ac0ad047f090259393d05cb (org.openqa.selenium.chrome.ChromeDriverService)
11:07:59.587 INFO [ActiveSessions$1.onStop] - Removing session 02d9b1397ac0ad047f090259393d05cb (org.openqa.selenium.chrome.ChromeDriverService)
11:07:59.613 INFO [ActiveSessionFactory.apply] - Capabilities are: {
  "acceptSslCerts": true,
  "browserName": "chrome",
  "javascriptEnabled": true,
  "name": "Tests"
}
11:07:59.614 INFO [ActiveSessionFactory.lambda$apply$11] - Matched factory org.openqa.selenium.grid.session.remote.ServicedSession$Factory (provider: org.openqa.selenium.chrome.ChromeDriverService)
Starting ChromeDriver 2.44.609538 (b655c5a60b0b544917107a59d4153d4bf78e1b90) on port 20645
Only local connections are allowed.
11:08:01.886 INFO [ProtocolHandshake.createSession] - Detected dialect: OSS
11:08:01.949 INFO [RemoteSession$Factory.lambda$performHandshake$0] - Started new session a0d63bdc5f1b35eb9bd19b4c2f64d5cc (org.openqa.selenium.chrome.ChromeDriverService)
11:15:30.399 INFO [ActiveSessions$1.onStop] - Removing session a0d63bdc5f1b35eb9bd19b4c2f64d5cc (org.openqa.selenium.chrome.ChromeDriverService)
